#
# There is insufficient memory for the Java Runtime Environment to continue.
# Native memory allocation (malloc) failed to allocate 159616 bytes for Chunk::new
# Possible reasons:
#   The system is out of physical RAM or swap space
#   In 32 bit mode, the process size limit was hit
# Possible solutions:
#   Reduce memory load on the system
#   Increase physical memory or swap space
#   Check if swap backing store is full
#   Use 64 bit Java on a 64 bit OS
#   Decrease Java heap size (-Xmx/-Xms)
#   Decrease number of Java threads
#   Decrease Java thread stack sizes (-Xss)
#   Set larger code cache with -XX:ReservedCodeCacheSize=
# This output file may be truncated or incomplete.
#
#  Out of Memory Error (allocation.cpp:390), pid=11056, tid=0x0000000000000810
#
# JRE version: Java(TM) SE Runtime Environment (8.0_111-b14) (build 1.8.0_111-b14)
# Java VM: Java HotSpot(TM) 64-Bit Server VM (25.111-b14 mixed mode windows-amd64 compressed oops)
# Failed to write core dump. Minidumps are not enabled by default on client versions of Windows
#

---------------  T H R E A D  ---------------

Current thread (0x000000001585e000):  JavaThread "C2 CompilerThread0" daemon [_thread_in_native, id=2064, stack(0x0000000016eb0000,0x0000000016fb0000)]

Stack: [0x0000000016eb0000,0x0000000016fb0000]
[error occurred during error reporting (printing stack bounds), id 0xc0000005]

Native frames: (J=compiled Java code, j=interpreted, Vv=VM code, C=native code)


Current CompileTask:
C2:   1408  644   !   4       sun.font.TrueTypeFont::getTableBuffer (199 bytes)


---------------  P R O C E S S  ---------------

Java Threads: ( => current thread )
  0x0000000003191000 JavaThread "DestroyJavaVM" [_thread_blocked, id=16956, stack(0x0000000002fe0000,0x00000000030e0000)]
  0x00000000175ae000 JavaThread "Image Fetcher 0" daemon [_thread_blocked, id=3728, stack(0x00000000189f0000,0x0000000018af0000)]
  0x00000000180ff000 JavaThread "AWT-EventQueue-0" [_thread_in_native, id=16560, stack(0x00000000188f0000,0x00000000189f0000)]
  0x0000000017595800 JavaThread "AWT-Windows" daemon [_thread_in_native, id=13300, stack(0x0000000017af0000,0x0000000017bf0000)]
  0x0000000017593000 JavaThread "AWT-Shutdown" [_thread_blocked, id=16988, stack(0x00000000179f0000,0x0000000017af0000)]
  0x0000000017591800 JavaThread "Java2D Disposer" daemon [_thread_blocked, id=2128, stack(0x00000000178f0000,0x00000000179f0000)]
  0x00000000158bd000 JavaThread "Service Thread" daemon [_thread_blocked, id=4668, stack(0x00000000175b0000,0x00000000176b0000)]
  0x0000000015867800 JavaThread "C1 CompilerThread2" daemon [_thread_blocked, id=1772, stack(0x00000000170b0000,0x00000000171b0000)]
  0x0000000015860800 JavaThread "C2 CompilerThread1" daemon [_thread_in_native, id=12332, stack(0x0000000016fb0000,0x00000000170b0000)]
=>0x000000001585e000 JavaThread "C2 CompilerThread0" daemon [_thread_in_native, id=2064, stack(0x0000000016eb0000,0x0000000016fb0000)]
  0x000000001585d000 JavaThread "Attach Listener" daemon [_thread_blocked, id=15248, stack(0x0000000016db0000,0x0000000016eb0000)]
  0x000000001585c000 JavaThread "Signal Dispatcher" daemon [_thread_blocked, id=16168, stack(0x0000000016cb0000,0x0000000016db0000)]
  0x000000000328b800 JavaThread "Finalizer" daemon [_thread_blocked, id=14596, stack(0x0000000016ab0000,0x0000000016bb0000)]
  0x0000000003281000 JavaThread "Reference Handler" daemon [_thread_blocked, id=15976, stack(0x00000000169b0000,0x0000000016ab0000)]

Other Threads:
  0x0000000015826800 VMThread [stack: 0x00000000168b0000,0x00000000169b0000] [id=14268]
  0x00000000171df000 WatcherThread [stack: 0x00000000176b0000,0x00000000177b0000] [id=10744]

VM state:not at safepoint (normal execution)

VM Mutex/Monitor currently owned by a thread: None

Heap:
 PSYoungGen      total 18944K, used 4688K [0x00000000eb400000, 0x00000000ec900000, 0x0000000100000000)
  eden space 16384K, 13% used [0x00000000eb400000,0x00000000eb61b7c8,0x00000000ec400000)
  from space 2560K, 98% used [0x00000000ec400000,0x00000000ec678ad0,0x00000000ec680000)
  to   space 2560K, 0% used [0x00000000ec680000,0x00000000ec680000,0x00000000ec900000)
 ParOldGen       total 44032K, used 2012K [0x00000000c1c00000, 0x00000000c4700000, 0x00000000eb400000)
  object space 44032K, 4% used [0x00000000c1c00000,0x00000000c1df7070,0x00000000c4700000)
 Metaspace       used 9256K, capacity 9396K, committed 9728K, reserved 1058816K
  class space    used 1111K, capacity 1192K, committed 1280K, reserved 1048576K

Card table byte_map: [0x0000000012650000,0x0000000012850000] byte_map_base: 0x0000000012042000

Marking Bits: (ParMarkBitMap*) 0x000000007066a6c0
 Begin Bits: [0x0000000012da0000, 0x0000000013d30000)
 End Bits:   [0x0000000013d30000, 0x0000000014cc0000)

Polling page: 0x00000000016d0000

CodeCache: size=245760Kb used=2858Kb max_used=2860Kb free=242901Kb
 bounds [0x0000000003290000, 0x0000000003560000, 0x0000000012290000]
 total_blobs=1095 nmethods=651 adapters=357
 compilation: enabled

Compilation events (10 events):
Event: 1.332 Thread 0x0000000015867800  649       3       java.nio.Bits::makeChar (12 bytes)
Event: 1.332 Thread 0x0000000015867800 nmethod 649 0x0000000003559710 code [0x0000000003559860, 0x00000000035599b0]
Event: 1.332 Thread 0x0000000015867800  650       3       java.nio.ByteBufferAsCharBufferB::get (16 bytes)
Event: 1.333 Thread 0x0000000015867800 nmethod 650 0x0000000003557b90 code [0x0000000003557d40, 0x0000000003558328]
Event: 1.333 Thread 0x0000000015867800  651       3       java.nio.ByteBufferAsCharBufferB::ix (9 bytes)
Event: 1.333 Thread 0x0000000015867800 nmethod 651 0x0000000003557890 code [0x00000000035579e0, 0x0000000003557b30]
Event: 1.334 Thread 0x0000000015867800  653       3       java.nio.Bits::getShort (18 bytes)
Event: 1.334 Thread 0x0000000015867800 nmethod 653 0x000000000355b610 code [0x000000000355b7c0, 0x000000000355be38]
Event: 1.334 Thread 0x0000000015867800  654       3       java.nio.HeapByteBuffer::getShort (18 bytes)
Event: 1.335 Thread 0x0000000015867800 nmethod 654 0x000000000355a7d0 code [0x000000000355a9a0, 0x000000000355b0c8]

GC Heap History (2 events):
Event: 1.290 GC heap before
{Heap before GC invocations=1 (full 0):
 PSYoungGen      total 18944K, used 16384K [0x00000000eb400000, 0x00000000ec900000, 0x0000000100000000)
  eden space 16384K, 100% used [0x00000000eb400000,0x00000000ec400000,0x00000000ec400000)
  from space 2560K, 0% used [0x00000000ec680000,0x00000000ec680000,0x00000000ec900000)
  to   space 2560K, 0% used [0x00000000ec400000,0x00000000ec400000,0x00000000ec680000)
 ParOldGen       total 44032K, used 0K [0x00000000c1c00000, 0x00000000c4700000, 0x00000000eb400000)
  object space 44032K, 0% used [0x00000000c1c00000,0x00000000c1c00000,0x00000000c4700000)
 Metaspace       used 9154K, capacity 9332K, committed 9472K, reserved 1058816K
  class space    used 1098K, capacity 1192K, committed 1280K, reserved 1048576K
Event: 1.296 GC heap after
Heap after GC invocations=1 (full 0):
 PSYoungGen      total 18944K, used 2530K [0x00000000eb400000, 0x00000000ec900000, 0x0000000100000000)
  eden space 16384K, 0% used [0x00000000eb400000,0x00000000eb400000,0x00000000ec400000)
  from space 2560K, 98% used [0x00000000ec400000,0x00000000ec678ad0,0x00000000ec680000)
  to   space 2560K, 0% used [0x00000000ec680000,0x00000000ec680000,0x00000000ec900000)
 ParOldGen       total 44032K, used 2012K [0x00000000c1c00000, 0x00000000c4700000, 0x00000000eb400000)
  object space 44032K, 4% used [0x00000000c1c00000,0x00000000c1df7070,0x00000000c4700000)
 Metaspace       used 9154K, capacity 9332K, committed 9472K, reserved 1058816K
  class space    used 1098K, capacity 1192K, committed 1280K, reserved 1048576K
}

Deoptimization events (8 events):
Event: 0.272 Thread 0x0000000003191000 Uncommon trap: reason=null_check action=make_not_entrant pc=0x0000000003404c9c method=java.lang.String.equals(Ljava/lang/Object;)Z @ 8
Event: 1.009 Thread 0x00000000180ff000 Uncommon trap: reason=class_check action=maybe_recompile pc=0x000000000341cf68 method=java.lang.String.equals(Ljava/lang/Object;)Z @ 8
Event: 1.009 Thread 0x00000000180ff000 Uncommon trap: reason=class_check action=maybe_recompile pc=0x000000000341cf68 method=java.lang.String.equals(Ljava/lang/Object;)Z @ 8
Event: 1.009 Thread 0x00000000180ff000 Uncommon trap: reason=class_check action=maybe_recompile pc=0x000000000341cf68 method=java.lang.String.equals(Ljava/lang/Object;)Z @ 8
Event: 1.009 Thread 0x00000000180ff000 Uncommon trap: reason=class_check action=maybe_recompile pc=0x000000000341cf68 method=java.lang.String.equals(Ljava/lang/Object;)Z @ 8
Event: 1.211 Thread 0x00000000180ff000 Uncommon trap: reason=unstable_if action=reinterpret pc=0x00000000035442d0 method=java.lang.Character.isSurrogate(C)Z @ 3
Event: 1.211 Thread 0x00000000180ff000 Uncommon trap: reason=unstable_if action=reinterpret pc=0x0000000003490b98 method=java.lang.String.toLowerCase(Ljava/util/Locale;)Ljava/lang/String; @ 37
Event: 1.211 Thread 0x00000000180ff000 Uncommon trap: reason=unstable_if action=reinterpret pc=0x00000000034822c0 method=java.lang.CharacterData.of(I)Ljava/lang/CharacterData; @ 4

Internal exceptions (10 events):
Event: 0.041 Thread 0x0000000003191000 Exception <a 'java/lang/NoSuchMethodError': Method sun.misc.Unsafe.prefetchRead(Ljava/lang/Object;J)V name or signature does not match> (0x00000000eb407f60) thrown at [C:\re\workspace\8-2-build-windows-amd64-cygwin\jdk8u111\7883\hotspot\src\share\vm\prims
Event: 0.119 Thread 0x0000000003191000 Exception <a 'java/security/PrivilegedActionException'> (0x00000000eb487038) thrown at [C:\re\workspace\8-2-build-windows-amd64-cygwin\jdk8u111\7883\hotspot\src\share\vm\prims\jvm.cpp, line 1386]
Event: 0.119 Thread 0x0000000003191000 Exception <a 'java/security/PrivilegedActionException'> (0x00000000eb487248) thrown at [C:\re\workspace\8-2-build-windows-amd64-cygwin\jdk8u111\7883\hotspot\src\share\vm\prims\jvm.cpp, line 1386]
Event: 0.120 Thread 0x0000000003191000 Exception <a 'java/security/PrivilegedActionException'> (0x00000000eb48b130) thrown at [C:\re\workspace\8-2-build-windows-amd64-cygwin\jdk8u111\7883\hotspot\src\share\vm\prims\jvm.cpp, line 1386]
Event: 0.120 Thread 0x0000000003191000 Exception <a 'java/security/PrivilegedActionException'> (0x00000000eb48b340) thrown at [C:\re\workspace\8-2-build-windows-amd64-cygwin\jdk8u111\7883\hotspot\src\share\vm\prims\jvm.cpp, line 1386]
Event: 0.126 Thread 0x0000000003191000 Exception <a 'java/io/FileNotFoundException'> (0x00000000eb48d8b8) thrown at [C:\re\workspace\8-2-build-windows-amd64-cygwin\jdk8u111\7883\hotspot\src\share\vm\prims\jni.cpp, line 709]
Event: 0.170 Thread 0x0000000003191000 Exception <a 'java/lang/NoSuchFieldError': method resolution failed> (0x00000000eb5add60) thrown at [C:\re\workspace\8-2-build-windows-amd64-cygwin\jdk8u111\7883\hotspot\src\share\vm\prims\methodHandles.cpp, line 1146]
Event: 0.172 Thread 0x0000000003191000 Exception <a 'java/lang/NoSuchFieldError': method resolution failed> (0x00000000eb5bb130) thrown at [C:\re\workspace\8-2-build-windows-amd64-cygwin\jdk8u111\7883\hotspot\src\share\vm\prims\methodHandles.cpp, line 1146]
Event: 0.237 Thread 0x0000000003191000 Exception <a 'java/io/FileNotFoundException'> (0x00000000eb64fa70) thrown at [C:\re\workspace\8-2-build-windows-amd64-cygwin\jdk8u111\7883\hotspot\src\share\vm\prims\jni.cpp, line 709]
Event: 0.272 Thread 0x0000000003191000 Implicit null exception at 0x0000000003404adb to 0x0000000003404c8d

Events (10 events):
Event: 1.331 Executing VM operation: Deoptimize done
Event: 1.335 loading class sun/font/FontDesignMetrics$KeyReference
Event: 1.335 loading class sun/font/FontDesignMetrics$KeyReference done
Event: 1.335 loading class sun/font/CompositeGlyphMapper
Event: 1.335 loading class sun/font/CompositeGlyphMapper done
Event: 1.346 loading class java/awt/print/PrinterGraphics
Event: 1.346 loading class java/awt/print/PrinterGraphics done
Event: 1.346 loading class java/awt/PrintGraphics
Event: 1.346 loading class java/awt/PrintGraphics done
Event: 1.346 loading class sun/java2d/loops/FontInfo


Dynamic libraries:
0x00007ff7684f0000 - 0x00007ff768527000 	C:\Program Files\Java\jdk1.8.0_111\bin\javaw.exe
0x00007ffe9d8c0000 - 0x00007ffe9dab0000 	C:\WINDOWS\SYSTEM32\ntdll.dll
0x00007ffe9bf20000 - 0x00007ffe9bfd2000 	C:\WINDOWS\System32\KERNEL32.DLL
0x00007ffe9ac90000 - 0x00007ffe9af35000 	C:\WINDOWS\System32\KERNELBASE.dll
0x00007ffe9cd60000 - 0x00007ffe9ce03000 	C:\WINDOWS\System32\ADVAPI32.dll
0x00007ffe9d220000 - 0x00007ffe9d2be000 	C:\WINDOWS\System32\msvcrt.dll
0x00007ffe9cfd0000 - 0x00007ffe9d067000 	C:\WINDOWS\System32\sechost.dll
0x00007ffe9bb30000 - 0x00007ffe9bc4f000 	C:\WINDOWS\System32\RPCRT4.dll
0x00007ffe9bc50000 - 0x00007ffe9bde4000 	C:\WINDOWS\System32\USER32.dll
0x00007ffe9a9c0000 - 0x00007ffe9a9e1000 	C:\WINDOWS\System32\win32u.dll
0x00007ffe9d2c0000 - 0x00007ffe9d2e6000 	C:\WINDOWS\System32\GDI32.dll
0x00007ffe9a9f0000 - 0x00007ffe9ab88000 	C:\WINDOWS\System32\gdi32full.dll
0x00007ffe9b7e0000 - 0x00007ffe9b87e000 	C:\WINDOWS\System32\msvcp_win.dll
0x00007ffe9ab90000 - 0x00007ffe9ac8a000 	C:\WINDOWS\System32\ucrtbase.dll
0x00007ffe89d30000 - 0x00007ffe89fb4000 	C:\WINDOWS\WinSxS\amd64_microsoft.windows.common-controls_6595b64144ccf1df_6.0.18362.1440_none_9e7dbfb9e45e8e67\COMCTL32.dll
0x00007ffe9d4d0000 - 0x00007ffe9d806000 	C:\WINDOWS\System32\combase.dll
0x00007ffe9b880000 - 0x00007ffe9b901000 	C:\WINDOWS\System32\bcryptPrimitives.dll
0x00007ffe9ce10000 - 0x00007ffe9ce3e000 	C:\WINDOWS\System32\IMM32.DLL
0x00000000706f0000 - 0x00000000707c2000 	C:\Program Files\Java\jdk1.8.0_111\jre\bin\msvcr100.dll
0x000000006fe50000 - 0x00000000706ea000 	C:\Program Files\Java\jdk1.8.0_111\jre\bin\server\jvm.dll
0x00007ffe9be50000 - 0x00007ffe9be58000 	C:\WINDOWS\System32\PSAPI.DLL
0x00007ffe984f0000 - 0x00007ffe98514000 	C:\WINDOWS\SYSTEM32\WINMM.dll
0x00007ffe94230000 - 0x00007ffe9423a000 	C:\WINDOWS\SYSTEM32\VERSION.dll
0x00007ffe89560000 - 0x00007ffe89569000 	C:\WINDOWS\SYSTEM32\WSOCK32.dll
0x00007ffe9c6d0000 - 0x00007ffe9c73f000 	C:\WINDOWS\System32\WS2_32.dll
0x00007ffe984c0000 - 0x00007ffe984ed000 	C:\WINDOWS\SYSTEM32\winmmbase.dll
0x00007ffe9af40000 - 0x00007ffe9af8a000 	C:\WINDOWS\System32\cfgmgr32.dll
0x000000006fe40000 - 0x000000006fe4f000 	C:\Program Files\Java\jdk1.8.0_111\jre\bin\verify.dll
0x000000006fe10000 - 0x000000006fe39000 	C:\Program Files\Java\jdk1.8.0_111\jre\bin\java.dll
0x000000006fd70000 - 0x000000006fd86000 	C:\Program Files\Java\jdk1.8.0_111\jre\bin\zip.dll
0x00007ffe9bfe0000 - 0x00007ffe9c6c8000 	C:\WINDOWS\System32\SHELL32.dll
0x00007ffe9d170000 - 0x00007ffe9d217000 	C:\WINDOWS\System32\shcore.dll
0x00007ffe9af90000 - 0x00007ffe9b70b000 	C:\WINDOWS\System32\windows.storage.dll
0x00007ffe9a7f0000 - 0x00007ffe9a80e000 	C:\WINDOWS\System32\profapi.dll
0x00007ffe9a780000 - 0x00007ffe9a7ca000 	C:\WINDOWS\System32\powrprof.dll
0x00007ffe9a770000 - 0x00007ffe9a780000 	C:\WINDOWS\System32\UMPDC.dll
0x00007ffe9bdf0000 - 0x00007ffe9be42000 	C:\WINDOWS\System32\shlwapi.dll
0x00007ffe9a810000 - 0x00007ffe9a821000 	C:\WINDOWS\System32\kernel.appcore.dll
0x00007ffe9b710000 - 0x00007ffe9b727000 	C:\WINDOWS\System32\cryptsp.dll
0x000000006fbc0000 - 0x000000006fd58000 	C:\Program Files\Java\jdk1.8.0_111\jre\bin\awt.dll
0x00007ffe9d070000 - 0x00007ffe9d135000 	C:\WINDOWS\System32\OLEAUT32.dll
0x00007ffe982d0000 - 0x00007ffe9835f000 	C:\WINDOWS\SYSTEM32\apphelp.dll
0x00007ffe98b90000 - 0x00007ffe98bbd000 	C:\WINDOWS\system32\DWMAPI.DLL
0x00007ffe98740000 - 0x00007ffe987d9000 	C:\WINDOWS\system32\uxtheme.dll
0x00007ffe9b9f0000 - 0x00007ffe9bb25000 	C:\WINDOWS\System32\MSCTF.dll
0x00007ffe9d370000 - 0x00007ffe9d4c7000 	C:\WINDOWS\System32\ole32.dll
0x000000006fb70000 - 0x000000006fbb7000 	C:\Program Files\Java\jdk1.8.0_111\jre\bin\fontmanager.dll
0x000000006fb50000 - 0x000000006fb6a000 	C:\Program Files\Java\jdk1.8.0_111\jre\bin\net.dll
0x00007ffe99fb0000 - 0x00007ffe9a017000 	C:\WINDOWS\system32\mswsock.dll
0x000000006fb30000 - 0x000000006fb41000 	C:\Program Files\Java\jdk1.8.0_111\jre\bin\nio.dll
0x000000006fae0000 - 0x000000006fb22000 	C:\Program Files\Java\jdk1.8.0_111\jre\bin\t2k.dll

VM Arguments:
jvm_args: -Dfile.encoding=Cp1252 
java_command: HomePage
java_class_path (initial): C:\Users\dell\eclipse-workspace2020-06\BMI\bin
Launcher Type: SUN_STANDARD

Environment Variables:
PATH=C:/Program Files/Java/jre1.8.0_261/bin/server;C:/Program Files/Java/jre1.8.0_261/bin;C:/Program Files/Java/jre1.8.0_261/lib/amd64;E:\ORACLE\dbhomeXE\bin;C:\ProgramData\Oracle\Java\javapath;C:\Program Files (x86)\Common Files\Oracle\Java\javapath;C:\Program Files\Java\jdk1.8.0_111\bin; C:\Users\dell\Documents\NetBeansProjects; C:\Program Files\NetBeans 8.2\mysql-connector-java-5.0.8-bin.jar; ;;C:\WINDOWS\system32;C:\WINDOWS;C:\WINDOWS\System32\Wbem;C:\WINDOWS\System32\WindowsPowerShell\v1.0\;C:\WINDOWS\System32\OpenSSH\;C:\Program Files\dotnet\;C:\Program Files\Microsoft SQL Server\130\Tools\Binn\;C:\Program Files\Microsoft SQL Server\Client SDK\ODBC\170\Tools\Binn\;C:\Program Files\MySQL\MySQL Shell 8.0\bin\;C:\Users\dell\AppData\Local\Programs\Python\Python38-32\Scripts\;C:\Users\dell\AppData\Local\Programs\Python\Python38-32\;C:\Program Files\JetBrains\PyCharm Community Edition 2020.1.1\bin;;C:\Users\dell\AppData\Local\Programs\Microsoft VS Code\bin;C:\Users\dell\AppData\Roaming\nvm;C:\Program Files\nodejs;C:\Users\dell\AppData\Local\Microsoft\WindowsApps;C:\Users\dell\.dotnet\tools;C:\Users\dell\Downloads\eclipse-java-2020-06-R-win32-x86_64\eclipse;
USERNAME=dell
OS=Windows_NT
PROCESSOR_IDENTIFIER=Intel64 Family 6 Model 42 Stepping 7, GenuineIntel



---------------  S Y S T E M  ---------------

OS: Windows 10.0 , 64 bit Build 18362 (10.0.18362.1350)

CPU:total 4 (2 cores per cpu, 2 threads per core) family 6 model 42 stepping 7, cmov, cx8, fxsr, mmx, sse, sse2, sse3, ssse3, sse4.1, sse4.2, popcnt, avx, aes, clmul, ht, tsc, tscinvbit

Memory: 4k page, physical 4072496k(412160k free), swap 11944492k(8k free)

vm_info: Java HotSpot(TM) 64-Bit Server VM (25.111-b14) for windows-amd64 JRE (1.8.0_111-b14), built on Sep 22 2016 19:24:05 by "java_re" with MS VC++ 10.0 (VS2010)

time: Wed Apr 28 22:35:37 2021
elapsed time: 1 seconds (0d 0h 0m 1s)

